# JRE version: Java(TM) SE Runtime Environment (8.0_241-b07) (build 1.8.0_241-b07)
# Java VM: Java HotSpot(TM) 64-Bit Server VM (25.241-b07 mixed mode windows-amd64 compressed oops)
Heap:
 PSYoungGen      total 324608K, used 139157K [0x00000000eb100000, 0x00000000ffe80000, 0x0000000100000000)
  eden space 309760K, 44% used [0x00000000eb100000,0x00000000f362fcc0,0x00000000fdf80000)
  from space 14848K, 18% used [0x00000000ff000000,0x00000000ff2b58f0,0x00000000ffe80000)
  to   space 15872K, 0% used [0x00000000fdf80000,0x00000000fdf80000,0x00000000fef00000)
 ParOldGen       total 62464K, used 24826K [0x00000000c1200000, 0x00000000c4f00000, 0x00000000eb100000)
  object space 62464K, 39% used [0x00000000c1200000,0x00000000c2a3e898,0x00000000c4f00000)
 Metaspace       used 57285K, capacity 61194K, committed 61400K, reserved 1101824K
  class space    used 7965K, capacity 8646K, committed 8704K, reserved 1048576K
GC Heap History (10 events):
Event: 5.980 GC heap before
{Heap before GC invocations=13 (full 2):
 PSYoungGen      total 207872K, used 1782K [0x00000000eb100000, 0x00000000fe780000, 0x0000000100000000)
  eden space 195584K, 0% used [0x00000000eb100000,0x00000000eb100000,0x00000000f7000000)
  from space 12288K, 14% used [0x00000000f7000000,0x00000000f71bd810,0x00000000f7c00000)
  to   space 12288K, 0% used [0x00000000fdb80000,0x00000000fdb80000,0x00000000fe780000)
 ParOldGen       total 28160K, used 16567K [0x00000000c1200000, 0x00000000c2d80000, 0x00000000eb100000)
  object space 28160K, 58% used [0x00000000c1200000,0x00000000c222dea8,0x00000000c2d80000)
 Metaspace       used 33228K, capacity 35376K, committed 35416K, reserved 1079296K
  class space    used 4559K, capacity 4989K, committed 4992K, reserved 1048576K
Event: 6.098 GC heap after
Heap after GC invocations=13 (full 2):
 PSYoungGen      total 207872K, used 0K [0x00000000eb100000, 0x00000000fe780000, 0x0000000100000000)
  eden space 195584K, 0% used [0x00000000eb100000,0x00000000eb100000,0x00000000f7000000)
  from space 12288K, 0% used [0x00000000f7000000,0x00000000f7000000,0x00000000f7c00000)
  to   space 12288K, 0% used [0x00000000fdb80000,0x00000000fdb80000,0x00000000fe780000)
 ParOldGen       total 43520K, used 13687K [0x00000000c1200000, 0x00000000c3c80000, 0x00000000eb100000)
  object space 43520K, 31% used [0x00000000c1200000,0x00000000c1f5de00,0x00000000c3c80000)
 Metaspace       used 33228K, capacity 35376K, committed 35416K, reserved 1079296K
  class space    used 4559K, capacity 4989K, committed 4992K, reserved 1048576K
}
Event: 9.239 GC heap before
{Heap before GC invocations=14 (full 2):
 PSYoungGen      total 207872K, used 195584K [0x00000000eb100000, 0x00000000fe780000, 0x0000000100000000)
  eden space 195584K, 100% used [0x00000000eb100000,0x00000000f7000000,0x00000000f7000000)
  from space 12288K, 0% used [0x00000000f7000000,0x00000000f7000000,0x00000000f7c00000)
  to   space 12288K, 0% used [0x00000000fdb80000,0x00000000fdb80000,0x00000000fe780000)
 ParOldGen       total 43520K, used 13687K [0x00000000c1200000, 0x00000000c3c80000, 0x00000000eb100000)
  object space 43520K, 31% used [0x00000000c1200000,0x00000000c1f5de00,0x00000000c3c80000)
 Metaspace       used 49877K, capacity 53076K, committed 53208K, reserved 1095680K
  class space    used 7053K, capacity 7648K, committed 7680K, reserved 1048576K
Event: 9.265 GC heap after
Heap after GC invocations=14 (full 2):
 PSYoungGen      total 289280K, used 12257K [0x00000000eb100000, 0x00000000fe780000, 0x0000000100000000)
  eden space 276992K, 0% used [0x00000000eb100000,0x00000000eb100000,0x00000000fbf80000)
  from space 12288K, 99% used [0x00000000fdb80000,0x00000000fe778440,0x00000000fe780000)
  to   space 16896K, 0% used [0x00000000fc680000,0x00000000fc680000,0x00000000fd700000)
 ParOldGen       total 43520K, used 21204K [0x00000000c1200000, 0x00000000c3c80000, 0x00000000eb100000)
  object space 43520K, 48% used [0x00000000c1200000,0x00000000c26b5160,0x00000000c3c80000)
 Metaspace       used 49877K, capacity 53076K, committed 53208K, reserved 1095680K
  class space    used 7053K, capacity 7648K, committed 7680K, reserved 1048576K
}
Event: 21.035 GC heap before
{Heap before GC invocations=15 (full 2):
 PSYoungGen      total 289280K, used 107858K [0x00000000eb100000, 0x00000000fe780000, 0x0000000100000000)
  eden space 276992K, 34% used [0x00000000eb100000,0x00000000f0e5c668,0x00000000fbf80000)
  from space 12288K, 99% used [0x00000000fdb80000,0x00000000fe778440,0x00000000fe780000)
  to   space 16896K, 0% used [0x00000000fc680000,0x00000000fc680000,0x00000000fd700000)
 ParOldGen       total 43520K, used 21204K [0x00000000c1200000, 0x00000000c3c80000, 0x00000000eb100000)
  object space 43520K, 48% used [0x00000000c1200000,0x00000000c26b5160,0x00000000c3c80000)
 Metaspace       used 55084K, capacity 58846K, committed 59028K, reserved 1099776K
  class space    used 7779K, capacity 8426K, committed 8448K, reserved 1048576K
Event: 21.086 GC heap after
Heap after GC invocations=15 (full 2):
 PSYoungGen      total 301056K, used 7489K [0x00000000eb100000, 0x0000000100000000, 0x0000000100000000)
  eden space 284160K, 0% used [0x00000000eb100000,0x00000000eb100000,0x00000000fc680000)
  from space 16896K, 44% used [0x00000000fc680000,0x00000000fcdd0648,0x00000000fd700000)
  to   space 16384K, 0% used [0x00000000ff000000,0x00000000ff000000,0x0000000100000000)
 ParOldGen       total 43520K, used 27835K [0x00000000c1200000, 0x00000000c3c80000, 0x00000000eb100000)
  object space 43520K, 63% used [0x00000000c1200000,0x00000000c2d2edf0,0x00000000c3c80000)
 Metaspace       used 55084K, capacity 58846K, committed 59028K, reserved 1099776K
  class space    used 7779K, capacity 8426K, committed 8448K, reserved 1048576K
}
Event: 21.086 GC heap before
{Heap before GC invocations=16 (full 3):
 PSYoungGen      total 301056K, used 7489K [0x00000000eb100000, 0x0000000100000000, 0x0000000100000000)
  eden space 284160K, 0% used [0x00000000eb100000,0x00000000eb100000,0x00000000fc680000)
  from space 16896K, 44% used [0x00000000fc680000,0x00000000fcdd0648,0x00000000fd700000)
  to   space 16384K, 0% used [0x00000000ff000000,0x00000000ff000000,0x0000000100000000)
 ParOldGen       total 43520K, used 27835K [0x00000000c1200000, 0x00000000c3c80000, 0x00000000eb100000)
  object space 43520K, 63% used [0x00000000c1200000,0x00000000c2d2edf0,0x00000000c3c80000)
 Metaspace       used 55084K, capacity 58846K, committed 59028K, reserved 1099776K
  class space    used 7779K, capacity 8426K, committed 8448K, reserved 1048576K
Event: 21.405 GC heap after
Heap after GC invocations=16 (full 3):
 PSYoungGen      total 301056K, used 0K [0x00000000eb100000, 0x0000000100000000, 0x0000000100000000)
  eden space 284160K, 0% used [0x00000000eb100000,0x00000000eb100000,0x00000000fc680000)
  from space 16896K, 0% used [0x00000000fc680000,0x00000000fc680000,0x00000000fd700000)
  to   space 16384K, 0% used [0x00000000ff000000,0x00000000ff000000,0x0000000100000000)
 ParOldGen       total 62464K, used 24818K [0x00000000c1200000, 0x00000000c4f00000, 0x00000000eb100000)
  object space 62464K, 39% used [0x00000000c1200000,0x00000000c2a3c898,0x00000000c4f00000)
 Metaspace       used 55055K, capacity 58764K, committed 59028K, reserved 1099776K
  class space    used 7769K, capacity 8409K, committed 8448K, reserved 1048576K
}
Event: 4603.676 GC heap before
{Heap before GC invocations=17 (full 3):
 PSYoungGen      total 301056K, used 284160K [0x00000000eb100000, 0x0000000100000000, 0x0000000100000000)
  eden space 284160K, 100% used [0x00000000eb100000,0x00000000fc680000,0x00000000fc680000)
  from space 16896K, 0% used [0x00000000fc680000,0x00000000fc680000,0x00000000fd700000)
  to   space 16384K, 0% used [0x00000000ff000000,0x00000000ff000000,0x0000000100000000)
 ParOldGen       total 62464K, used 24818K [0x00000000c1200000, 0x00000000c4f00000, 0x00000000eb100000)
  object space 62464K, 39% used [0x00000000c1200000,0x00000000c2a3c898,0x00000000c4f00000)
 Metaspace       used 56853K, capacity 60810K, committed 60888K, reserved 1101824K
  class space    used 7965K, capacity 8646K, committed 8704K, reserved 1048576K
Event: 4604.164 GC heap after
Heap after GC invocations=17 (full 3):
 PSYoungGen      total 324608K, used 2774K [0x00000000eb100000, 0x00000000ffe80000, 0x0000000100000000)
  eden space 309760K, 0% used [0x00000000eb100000,0x00000000eb100000,0x00000000fdf80000)
  from space 14848K, 18% used [0x00000000ff000000,0x00000000ff2b58f0,0x00000000ffe80000)
  to   space 15872K, 0% used [0x00000000fdf80000,0x00000000fdf80000,0x00000000fef00000)
 ParOldGen       total 62464K, used 24826K [0x00000000c1200000, 0x00000000c4f00000, 0x00000000eb100000)
  object space 62464K, 39% used [0x00000000c1200000,0x00000000c2a3e898,0x00000000c4f00000)
 Metaspace       used 56853K, capacity 60810K, committed 60888K, reserved 1101824K
  class space    used 7965K, capacity 8646K, committed 8704K, reserved 1048576K
}

